Removed Pin From Net: NetName=DATA0_P Pin=U5-A111
Removed Pin From Net: NetName=DATA0_N Pin=U5-A112
Removed Pin From Net: NetName=DATA1_P Pin=U5-A114
Removed Pin From Net: NetName=DATA1_N Pin=U5-A115
Removed Pin From Net: NetName=DATA2_P Pin=U5-A117
Removed Pin From Net: NetName=DATA2_N Pin=U5-A118
Removed Pin From Net: NetName=DATA3_P Pin=U5-A120
Removed Pin From Net: NetName=DATA3_N Pin=U5-A121
Removed Pin From Net: NetName=DATA4_P Pin=U5-A123
Removed Pin From Net: NetName=DATA4_N Pin=U5-A124
Removed Pin From Net: NetName=DATA5_P Pin=U5-A126
Removed Pin From Net: NetName=DATA5_N Pin=U5-A127
Removed Pin From Net: NetName=DATA6_P Pin=U5-B112
Removed Pin From Net: NetName=DATA6_N Pin=U5-B113
Removed Pin From Net: NetName=DATA7_P Pin=U5-B115
Removed Pin From Net: NetName=DATA7_N Pin=U5-B116
Removed Pin From Net: NetName=DATA8_P Pin=U5-B118
Removed Pin From Net: NetName=DATA8_N Pin=U5-B119
Removed Pin From Net: NetName=DATA9_P Pin=U5-B121
Removed Pin From Net: NetName=DATA9_N Pin=U5-B122
Removed Pin From Net: NetName=DATA10_P Pin=U5-B124
Removed Pin From Net: NetName=DATA10_N Pin=U5-B125
Removed Pin From Net: NetName=DATA11_P Pin=U5-C111
Removed Pin From Net: NetName=DATA11_N Pin=U5-C112
Removed Pin From Net: NetName=DATA12_P Pin=U5-C114
Removed Pin From Net: NetName=DATA12_N Pin=U5-C115
Removed Pin From Net: NetName=DATA13_P Pin=U5-C117
Removed Pin From Net: NetName=DATA13_N Pin=U5-C118
Removed Pin From Net: NetName=DATACLK_P Pin=U5-D118
Removed Pin From Net: NetName=DATACLK_N Pin=U5-D119
Added Pin To Net: NetName=DATA0_N Pin=U5-A111
Added Pin To Net: NetName=DATA0_P Pin=U5-A112
Added Pin To Net: NetName=DATA1_N Pin=U5-A114
Added Pin To Net: NetName=DATA1_P Pin=U5-A115
Added Pin To Net: NetName=DATA2_N Pin=U5-A117
Added Pin To Net: NetName=DATA2_P Pin=U5-A118
Added Pin To Net: NetName=DATA3_N Pin=U5-A120
Added Pin To Net: NetName=DATA3_P Pin=U5-A121
Added Pin To Net: NetName=DATA4_N Pin=U5-A123
Added Pin To Net: NetName=DATA4_P Pin=U5-A124
Added Pin To Net: NetName=DATA5_N Pin=U5-A126
Added Pin To Net: NetName=DATA5_P Pin=U5-A127
Added Pin To Net: NetName=DATA6_N Pin=U5-B112
Added Pin To Net: NetName=DATA6_P Pin=U5-B113
Added Pin To Net: NetName=DATA7_N Pin=U5-B115
Added Pin To Net: NetName=DATA7_P Pin=U5-B116
Added Pin To Net: NetName=DATA8_N Pin=U5-B118
Added Pin To Net: NetName=DATA8_P Pin=U5-B119
Added Pin To Net: NetName=DATA9_N Pin=U5-B121
Added Pin To Net: NetName=DATA9_P Pin=U5-B122
Added Pin To Net: NetName=DATA10_N Pin=U5-B124
Added Pin To Net: NetName=DATA10_P Pin=U5-B125
Added Pin To Net: NetName=DATA11_N Pin=U5-C111
Added Pin To Net: NetName=DATA11_P Pin=U5-C112
Added Pin To Net: NetName=DATA12_N Pin=U5-C114
Added Pin To Net: NetName=DATA12_P Pin=U5-C115
Added Pin To Net: NetName=DATA13_N Pin=U5-C117
Added Pin To Net: NetName=DATA13_P Pin=U5-C118
Added Pin To Net: NetName=DATACLK_N Pin=U5-D118
Added Pin To Net: NetName=DATACLK_P Pin=U5-D119
