Change Component Footprint: Designator=J1 Old Footprint=694106301002 New Footprint=694106301002
Change Component Footprint: Designator=R4 Old Footprint=FP-RC0402-0_4-MFG New Footprint=FP-RC0402-0_4-MFG
Change Component Footprint: Designator=R5 Old Footprint=FP-RC0402-0_4-MFG New Footprint=FP-RC0402-0_4-MFG
Change Component Footprint: Designator=R8 Old Footprint=FP-RC0402-0_4-MFG New Footprint=FP-RC0402-0_4-MFG
Change Component Footprint: Designator=R9 Old Footprint=FP-RC0402-0_4-MFG New Footprint=FP-RC0402-0_4-MFG
Change Component Footprint: Designator=R18 Old Footprint=FP-RC0402-0_4-MFG New Footprint=FP-RC0402-0_4-MFG
Change Component Footprint: Designator=R19 Old Footprint=FP-RC0402-0_4-MFG New Footprint=FP-RC0402-0_4-MFG
Change Component Footprint: Designator=R24 Old Footprint=FP-RC0402-0_4-MFG New Footprint=FP-RC0402-0_4-MFG
Change Component Footprint: Designator=R25 Old Footprint=FP-RC0402-0_4-MFG New Footprint=FP-RC0402-0_4-MFG
Add Component: Footprint Not Found MODULE_SM-K26-XCL2GI
Add Pin To Net: Unknown Pin: Pin U5-A01
Add Pin To Net: Unknown Pin: Pin U5-A02
Add Pin To Net: Unknown Pin: Pin U5-A03
Add Pin To Net: Unknown Pin: Pin U5-A04
Add Pin To Net: Unknown Pin: Pin U5-A05
Add Pin To Net: Unknown Pin: Pin U5-A06
Add Pin To Net: Unknown Pin: Pin U5-A07
Add Pin To Net: Unknown Pin: Pin U5-A08
Add Pin To Net: Unknown Pin: Pin U5-A09
Add Pin To Net: Unknown Pin: Pin U5-A10
Add Pin To Net: Unknown Pin: Pin U5-A11
Add Pin To Net: Unknown Pin: Pin U5-A12
Add Pin To Net: Unknown Pin: Pin U5-A13
Add Pin To Net: Unknown Pin: Pin U5-A14
Add Pin To Net: Unknown Pin: Pin U5-A15
Add Pin To Net: Unknown Pin: Pin U5-A16
Add Pin To Net: Unknown Pin: Pin U5-A17
Add Pin To Net: Unknown Pin: Pin U5-A18
Add Pin To Net: Unknown Pin: Pin U5-A20
Add Pin To Net: Unknown Pin: Pin U5-A21
Add Pin To Net: Unknown Pin: Pin U5-A22
Add Pin To Net: Unknown Pin: Pin U5-A23
Add Pin To Net: Unknown Pin: Pin U5-A24
Add Pin To Net: Unknown Pin: Pin U5-A25
Add Pin To Net: Unknown Pin: Pin U5-A26
Add Pin To Net: Unknown Pin: Pin U5-A27
Add Pin To Net: Unknown Pin: Pin U5-A28
Add Pin To Net: Unknown Pin: Pin U5-A29
Add Pin To Net: Unknown Pin: Pin U5-A30
Add Pin To Net: Unknown Pin: Pin U5-A33
Add Pin To Net: Unknown Pin: Pin U5-A37
Add Pin To Net: Unknown Pin: Pin U5-A41
Add Pin To Net: Unknown Pin: Pin U5-A45
Add Pin To Net: Unknown Pin: Pin U5-A46
Add Pin To Net: Unknown Pin: Pin U5-A49
Add Pin To Net: Unknown Pin: Pin U5-A50
Add Pin To Net: Unknown Pin: Pin U5-A53
Add Pin To Net: Unknown Pin: Pin U5-A54
Add Pin To Net: Unknown Pin: Pin U5-A57
Add Pin To Net: Unknown Pin: Pin U5-A58
Add Pin To Net: Unknown Pin: Pin U5-A59
Add Pin To Net: Unknown Pin: Pin U5-A60
Add Pin To Net: Unknown Pin: Pin U5-A101
Add Pin To Net: Unknown Pin: Pin U5-A102
Add Pin To Net: Unknown Pin: Pin U5-A105
Add Pin To Net: Unknown Pin: Pin U5-A106
Add Pin To Net: Unknown Pin: Pin U5-A109
Add Pin To Net: Unknown Pin: Pin U5-A110
Add Pin To Net: Unknown Pin: Pin U5-A113
Add Pin To Net: Unknown Pin: Pin U5-A116
Add Pin To Net: Unknown Pin: Pin U5-A119
Add Pin To Net: Unknown Pin: Pin U5-A122
Add Pin To Net: Unknown Pin: Pin U5-A125
Add Pin To Net: Unknown Pin: Pin U5-A128
Add Pin To Net: Unknown Pin: Pin U5-A131
Add Pin To Net: Unknown Pin: Pin U5-A134
Add Pin To Net: Unknown Pin: Pin U5-A137
Add Pin To Net: Unknown Pin: Pin U5-A140
Add Pin To Net: Unknown Pin: Pin U5-A143
Add Pin To Net: Unknown Pin: Pin U5-A144
Add Pin To Net: Unknown Pin: Pin U5-A145
Add Pin To Net: Unknown Pin: Pin U5-A146
Add Pin To Net: Unknown Pin: Pin U5-A147
Add Pin To Net: Unknown Pin: Pin U5-A148
Add Pin To Net: Unknown Pin: Pin U5-A149
Add Pin To Net: Unknown Pin: Pin U5-A150
Add Pin To Net: Unknown Pin: Pin U5-A151
Add Pin To Net: Unknown Pin: Pin U5-A152
Add Pin To Net: Unknown Pin: Pin U5-A153
Add Pin To Net: Unknown Pin: Pin U5-A157
Add Pin To Net: Unknown Pin: Pin U5-B01
Add Pin To Net: Unknown Pin: Pin U5-B02
Add Pin To Net: Unknown Pin: Pin U5-B03
Add Pin To Net: Unknown Pin: Pin U5-B04
Add Pin To Net: Unknown Pin: Pin U5-B05
Add Pin To Net: Unknown Pin: Pin U5-B06
Add Pin To Net: Unknown Pin: Pin U5-B07
Add Pin To Net: Unknown Pin: Pin U5-B08
Add Pin To Net: Unknown Pin: Pin U5-B09
Add Pin To Net: Unknown Pin: Pin U5-B10
Add Pin To Net: Unknown Pin: Pin U5-B11
Add Pin To Net: Unknown Pin: Pin U5-B12
Add Pin To Net: Unknown Pin: Pin U5-B13
Add Pin To Net: Unknown Pin: Pin U5-B14
Add Pin To Net: Unknown Pin: Pin U5-B15
Add Pin To Net: Unknown Pin: Pin U5-B16
Add Pin To Net: Unknown Pin: Pin U5-B17
Add Pin To Net: Unknown Pin: Pin U5-B18
Add Pin To Net: Unknown Pin: Pin U5-B19
Add Pin To Net: Unknown Pin: Pin U5-B20
Add Pin To Net: Unknown Pin: Pin U5-B21
Add Pin To Net: Unknown Pin: Pin U5-B22
Add Pin To Net: Unknown Pin: Pin U5-B23
Add Pin To Net: Unknown Pin: Pin U5-B27
Add Pin To Net: Unknown Pin: Pin U5-B31
Add Pin To Net: Unknown Pin: Pin U5-B35
Add Pin To Net: Unknown Pin: Pin U5-B39
Add Pin To Net: Unknown Pin: Pin U5-B43
Add Pin To Net: Unknown Pin: Pin U5-B47
Add Pin To Net: Unknown Pin: Pin U5-B48
Add Pin To Net: Unknown Pin: Pin U5-B51
Add Pin To Net: Unknown Pin: Pin U5-B52
Add Pin To Net: Unknown Pin: Pin U5-B55
Add Pin To Net: Unknown Pin: Pin U5-B56
Add Pin To Net: Unknown Pin: Pin U5-B59
Add Pin To Net: Unknown Pin: Pin U5-B60
Add Pin To Net: Unknown Pin: Pin U5-B103
Add Pin To Net: Unknown Pin: Pin U5-B104
Add Pin To Net: Unknown Pin: Pin U5-B107
Add Pin To Net: Unknown Pin: Pin U5-B108
Add Pin To Net: Unknown Pin: Pin U5-B111
Add Pin To Net: Unknown Pin: Pin U5-B114
Add Pin To Net: Unknown Pin: Pin U5-B117
Add Pin To Net: Unknown Pin: Pin U5-B120
Add Pin To Net: Unknown Pin: Pin U5-B123
Add Pin To Net: Unknown Pin: Pin U5-B126
Add Pin To Net: Unknown Pin: Pin U5-B129
Add Pin To Net: Unknown Pin: Pin U5-B132
Add Pin To Net: Unknown Pin: Pin U5-B135
Add Pin To Net: Unknown Pin: Pin U5-B138
Add Pin To Net: Unknown Pin: Pin U5-B141
Add Pin To Net: Unknown Pin: Pin U5-B142
Add Pin To Net: Unknown Pin: Pin U5-B143
Add Pin To Net: Unknown Pin: Pin U5-B147
Add Pin To Net: Unknown Pin: Pin U5-B151
Add Pin To Net: Unknown Pin: Pin U5-B155
Add Pin To Net: Unknown Pin: Pin U5-B159
Add Pin To Net: Unknown Pin: Pin U5-B160
Add Pin To Net: Unknown Pin: Pin U5-C01
Add Pin To Net: Unknown Pin: Pin U5-C02
Add Pin To Net: Unknown Pin: Pin U5-C03
Add Pin To Net: Unknown Pin: Pin U5-C04
Add Pin To Net: Unknown Pin: Pin U5-C05
Add Pin To Net: Unknown Pin: Pin U5-C06
Add Pin To Net: Unknown Pin: Pin U5-C07
Add Pin To Net: Unknown Pin: Pin U5-C08
Add Pin To Net: Unknown Pin: Pin U5-C09
Add Pin To Net: Unknown Pin: Pin U5-C10
Add Pin To Net: Unknown Pin: Pin U5-C11
Add Pin To Net: Unknown Pin: Pin U5-C12
Add Pin To Net: Unknown Pin: Pin U5-C13
Add Pin To Net: Unknown Pin: Pin U5-C14
Add Pin To Net: Unknown Pin: Pin U5-C17
Add Pin To Net: Unknown Pin: Pin U5-C18
Add Pin To Net: Unknown Pin: Pin U5-C19
Add Pin To Net: Unknown Pin: Pin U5-C20
Add Pin To Net: Unknown Pin: Pin U5-C21
Add Pin To Net: Unknown Pin: Pin U5-C22
Add Pin To Net: Unknown Pin: Pin U5-C23
Add Pin To Net: Unknown Pin: Pin U5-C24
Add Pin To Net: Unknown Pin: Pin U5-C25
Add Pin To Net: Unknown Pin: Pin U5-C29
Add Pin To Net: Unknown Pin: Pin U5-C33
Add Pin To Net: Unknown Pin: Pin U5-C37
Add Pin To Net: Unknown Pin: Pin U5-C41
Add Pin To Net: Unknown Pin: Pin U5-C46
Add Pin To Net: Unknown Pin: Pin U5-C49
Add Pin To Net: Unknown Pin: Pin U5-C50
Add Pin To Net: Unknown Pin: Pin U5-C53
Add Pin To Net: Unknown Pin: Pin U5-C54
Add Pin To Net: Unknown Pin: Pin U5-C57
Add Pin To Net: Unknown Pin: Pin U5-C58
Add Pin To Net: Unknown Pin: Pin U5-C59
Add Pin To Net: Unknown Pin: Pin U5-C60
Add Pin To Net: Unknown Pin: Pin U5-C101
Add Pin To Net: Unknown Pin: Pin U5-C102
Add Pin To Net: Unknown Pin: Pin U5-C105
Add Pin To Net: Unknown Pin: Pin U5-C106
Add Pin To Net: Unknown Pin: Pin U5-C109
Add Pin To Net: Unknown Pin: Pin U5-C110
Add Pin To Net: Unknown Pin: Pin U5-C113
Add Pin To Net: Unknown Pin: Pin U5-C116
Add Pin To Net: Unknown Pin: Pin U5-C119
Add Pin To Net: Unknown Pin: Pin U5-C122
Add Pin To Net: Unknown Pin: Pin U5-C125
Add Pin To Net: Unknown Pin: Pin U5-C128
Add Pin To Net: Unknown Pin: Pin U5-C131
Add Pin To Net: Unknown Pin: Pin U5-C134
Add Pin To Net: Unknown Pin: Pin U5-C137
Add Pin To Net: Unknown Pin: Pin U5-C140
Add Pin To Net: Unknown Pin: Pin U5-C143
Add Pin To Net: Unknown Pin: Pin U5-C144
Add Pin To Net: Unknown Pin: Pin U5-C145
Add Pin To Net: Unknown Pin: Pin U5-C149
Add Pin To Net: Unknown Pin: Pin U5-C153
Add Pin To Net: Unknown Pin: Pin U5-C157
Add Pin To Net: Unknown Pin: Pin U5-D01
Add Pin To Net: Unknown Pin: Pin U5-D02
Add Pin To Net: Unknown Pin: Pin U5-D03
Add Pin To Net: Unknown Pin: Pin U5-D04
Add Pin To Net: Unknown Pin: Pin U5-D05
Add Pin To Net: Unknown Pin: Pin U5-D06
Add Pin To Net: Unknown Pin: Pin U5-D07
Add Pin To Net: Unknown Pin: Pin U5-D08
Add Pin To Net: Unknown Pin: Pin U5-D09
Add Pin To Net: Unknown Pin: Pin U5-D10
Add Pin To Net: Unknown Pin: Pin U5-D11
Add Pin To Net: Unknown Pin: Pin U5-D12
Add Pin To Net: Unknown Pin: Pin U5-D13
Add Pin To Net: Unknown Pin: Pin U5-D14
Add Pin To Net: Unknown Pin: Pin U5-D15
Add Pin To Net: Unknown Pin: Pin U5-D16
Add Pin To Net: Unknown Pin: Pin U5-D17
Add Pin To Net: Unknown Pin: Pin U5-D19
Add Pin To Net: Unknown Pin: Pin U5-D23
Add Pin To Net: Unknown Pin: Pin U5-D24
Add Pin To Net: Unknown Pin: Pin U5-D25
Add Pin To Net: Unknown Pin: Pin U5-D26
Add Pin To Net: Unknown Pin: Pin U5-D27
Add Pin To Net: Unknown Pin: Pin U5-D31
Add Pin To Net: Unknown Pin: Pin U5-D35
Add Pin To Net: Unknown Pin: Pin U5-D39
Add Pin To Net: Unknown Pin: Pin U5-D43
Add Pin To Net: Unknown Pin: Pin U5-D47
Add Pin To Net: Unknown Pin: Pin U5-D48
Add Pin To Net: Unknown Pin: Pin U5-D51
Add Pin To Net: Unknown Pin: Pin U5-D52
Add Pin To Net: Unknown Pin: Pin U5-D55
Add Pin To Net: Unknown Pin: Pin U5-D56
Add Pin To Net: Unknown Pin: Pin U5-D59
Add Pin To Net: Unknown Pin: Pin U5-D60
Add Pin To Net: Unknown Pin: Pin U5-D103
Add Pin To Net: Unknown Pin: Pin U5-D104
Add Pin To Net: Unknown Pin: Pin U5-D107
Add Pin To Net: Unknown Pin: Pin U5-D108
Add Pin To Net: Unknown Pin: Pin U5-D111
Add Pin To Net: Unknown Pin: Pin U5-D114
Add Pin To Net: Unknown Pin: Pin U5-D115
Add Pin To Net: Unknown Pin: Pin U5-D116
Add Pin To Net: Unknown Pin: Pin U5-D117
Add Pin To Net: Unknown Pin: Pin U5-D118
Add Pin To Net: Unknown Pin: Pin U5-D119
Add Pin To Net: Unknown Pin: Pin U5-D120
Add Pin To Net: Unknown Pin: Pin U5-D123
Add Pin To Net: Unknown Pin: Pin U5-D126
Add Pin To Net: Unknown Pin: Pin U5-D129
Add Pin To Net: Unknown Pin: Pin U5-D132
Add Pin To Net: Unknown Pin: Pin U5-D135
Add Pin To Net: Unknown Pin: Pin U5-D138
Add Pin To Net: Unknown Pin: Pin U5-D141
Add Pin To Net: Unknown Pin: Pin U5-D142
Add Pin To Net: Unknown Pin: Pin U5-D143
Add Pin To Net: Unknown Pin: Pin U5-D147
Add Pin To Net: Unknown Pin: Pin U5-D151
Add Pin To Net: Unknown Pin: Pin U5-D155
Add Pin To Net: Unknown Pin: Pin U5-D159
Add Pin To Net: Unknown Pin: Pin U5-D160
Add Pin To Net: Unknown Pin: Pin U5-S1
Add Pin To Net: Unknown Pin: Pin U5-S2
Add Pin To Net: Unknown Pin: Pin U5-S3
Add Pin To Net: Unknown Pin: Pin U5-S4
Add Class Member: Failed to add class member : Component U5 SM-K26-XCL2GI
