Added Component: Designator=U5(MODULE_SM-K26-XCL2GI)
Add component (AddParameter): Name = "Availability"; Value = "In Stock"; VariantName = "[No Variations]"
Add component (AddParameter): Name = "Check_prices"; Value = "https://www.snapeda.com/parts/SM-K26-XCL2GI/Xilinx+Inc./view-part/?ref=eda"; VariantName = "[No Variations]"
Add component (AddParameter): Name = "MF"; Value = "Xilinx Inc."; VariantName = "[No Variations]"
Add component (AddParameter): Name = "MP"; Value = "SM-K26-XCL2GI"; VariantName = "[No Variations]"
Add component (AddParameter): Name = "Package"; Value = "None"; VariantName = "[No Variations]"
Add component (AddParameter): Name = "Price"; Value = "None"; VariantName = "[No Variations]"
Add component (AddParameter): Name = "Purchase-URL"; Value = "https://pricing.snapeda.com/search/part/SM-K26-XCL2GI/?ref=eda"; VariantName = "[No Variations]"
Add component (AddParameter): Name = "SnapEDA_Link"; Value = "https://www.snapeda.com/parts/SM-K26-XCL2GI/Xilinx+Inc./view-part/?ref=snap"; VariantName = "[No Variations]"
Add component (AddParameter): Name = "Value"; Value = ""; VariantName = "[No Variations]"
Added Pin To Net: NetName=PS0 Pin=U5-A01
Added Pin To Net: NetName=PS0 Pin=U5-A02
Added Pin To Net: NetName=DATAP6 Pin=U5-A03
Added Pin To Net: NetName=DATAN6 Pin=U5-A04
Added Pin To Net: NetName=PS0 Pin=U5-A05
Added Pin To Net: NetName= FPGA_REF1N Pin=U5-A06
Added Pin To Net: NetName=FPGA_REF1P Pin=U5-A07
Added Pin To Net: NetName=PS0 Pin=U5-A08
Added Pin To Net: NetName=DATAP12 Pin=U5-A09
Added Pin To Net: NetName=DATAN12 Pin=U5-A10
Added Pin To Net: NetName=PS0 Pin=U5-A11
Added Pin To Net: NetName=DATAP13 Pin=U5-A12
Added Pin To Net: NetName=DATAN13 Pin=U5-A13
Added Pin To Net: NetName=PS0 Pin=U5-A14
Added Pin To Net: NetName=SDIO_DAC Pin=U5-A15
Added Pin To Net: NetName=SCLK_DAC Pin=U5-A16
Added Pin To Net: NetName=TXENABLE Pin=U5-A17
Added Pin To Net: NetName=PS0 Pin=U5-A18
Added Pin To Net: NetName=EN Pin=U5-A20
Added Pin To Net: NetName=PS0 Pin=U5-A21
Added Pin To Net: NetName=JTAG_TMS_C2M Pin=U5-A22
Added Pin To Net: NetName=JTAG_TDO_M2C Pin=U5-A23
Added Pin To Net: NetName=JTAG_TDI_C2M Pin=U5-A24
Added Pin To Net: NetName=JTAG_TCK_C2M Pin=U5-A25
Added Pin To Net: NetName=PS0 Pin=U5-A26
Added Pin To Net: NetName=PS0 Pin=U5-A27
Added Pin To Net: NetName=PS0 Pin=U5-A28
Added Pin To Net: NetName=PS0 Pin=U5-A29
Added Pin To Net: NetName=PS0 Pin=U5-A30
Added Pin To Net: NetName=PS0 Pin=U5-A33
Added Pin To Net: NetName=PS0 Pin=U5-A37
Added Pin To Net: NetName=PS0 Pin=U5-A41
Added Pin To Net: NetName=PS0 Pin=U5-A45
Added Pin To Net: NetName=PS0 Pin=U5-A46
Added Pin To Net: NetName=PS0 Pin=U5-A49
Added Pin To Net: NetName=PS0 Pin=U5-A50
Added Pin To Net: NetName=PS0 Pin=U5-A53
Added Pin To Net: NetName=PS0 Pin=U5-A54
Added Pin To Net: NetName=PS0 Pin=U5-A57
Added Pin To Net: NetName=PS0 Pin=U5-A58
Added Pin To Net: NetName=5V Pin=U5-A59
Added Pin To Net: NetName=5V Pin=U5-A60
Added Pin To Net: NetName=PS0 Pin=U5-A101
Added Pin To Net: NetName=PS0 Pin=U5-A102
Added Pin To Net: NetName=PS0 Pin=U5-A105
Added Pin To Net: NetName=PS0 Pin=U5-A106
Added Pin To Net: NetName=PS0 Pin=U5-A109
Added Pin To Net: NetName=PS0 Pin=U5-A110
Added Pin To Net: NetName=PS0 Pin=U5-A113
Added Pin To Net: NetName=PS0 Pin=U5-A116
Added Pin To Net: NetName=PS0 Pin=U5-A119
Added Pin To Net: NetName=PS0 Pin=U5-A122
Added Pin To Net: NetName=PS0 Pin=U5-A125
Added Pin To Net: NetName=PS0 Pin=U5-A128
Added Pin To Net: NetName=PS0 Pin=U5-A131
Added Pin To Net: NetName=PS0 Pin=U5-A134
Added Pin To Net: NetName=PS0 Pin=U5-A137
Added Pin To Net: NetName=PS0 Pin=U5-A140
Added Pin To Net: NetName=PS0 Pin=U5-A143
Added Pin To Net: NetName=1V8 Pin=U5-A144
Added Pin To Net: NetName=PS0 Pin=U5-A145
Added Pin To Net: NetName=SCK_CLKS Pin=U5-A146
Added Pin To Net: NetName=SDIO_CLKS Pin=U5-A147
Added Pin To Net: NetName=CLKS_LD Pin=U5-A148
Added Pin To Net: NetName=PS0 Pin=U5-A149
Added Pin To Net: NetName=CLKS_RST Pin=U5-A150
Added Pin To Net: NetName=CLKS_SYNC Pin=U5-A151
Added Pin To Net: NetName=CLKS_EN Pin=U5-A152
Added Pin To Net: NetName=PS0 Pin=U5-A153
Added Pin To Net: NetName=PS0 Pin=U5-A157
Added Pin To Net: NetName=DATAP5 Pin=U5-B01
Added Pin To Net: NetName=DATAN5 Pin=U5-B02
Added Pin To Net: NetName=PS0 Pin=U5-B03
Added Pin To Net: NetName=DATAP4 Pin=U5-B04
Added Pin To Net: NetName=DATAN4 Pin=U5-B05
Added Pin To Net: NetName=PS0 Pin=U5-B06
Added Pin To Net: NetName=DATAP7 Pin=U5-B07
Added Pin To Net: NetName=DATAN7 Pin=U5-B08
Added Pin To Net: NetName=PS0 Pin=U5-B09
Added Pin To Net: NetName=DATAP11 Pin=U5-B10
Added Pin To Net: NetName=DATAN11 Pin=U5-B11
Added Pin To Net: NetName=PS0 Pin=U5-B12
Added Pin To Net: NetName=3V3 Pin=U5-B13
Added Pin To Net: NetName=3V3 Pin=U5-B14
Added Pin To Net: NetName=PS0 Pin=U5-B15
Added Pin To Net: NetName=RESETB_DAC Pin=U5-B16
Added Pin To Net: NetName=ALARM Pin=U5-B17
Added Pin To Net: NetName=MUX_OUT1 Pin=U5-B18
Added Pin To Net: NetName=PS0 Pin=U5-B19
Added Pin To Net: NetName=SCLK_PLL1 Pin=U5-B20
Added Pin To Net: NetName=DATA_PLL1 Pin=U5-B21
Added Pin To Net: NetName=LE_PLL1 Pin=U5-B22
Added Pin To Net: NetName=PS0 Pin=U5-B23
Added Pin To Net: NetName=PS0 Pin=U5-B27
Added Pin To Net: NetName=PS0 Pin=U5-B31
Added Pin To Net: NetName=PS0 Pin=U5-B35
Added Pin To Net: NetName=PS0 Pin=U5-B39
Added Pin To Net: NetName=PS0 Pin=U5-B43
Added Pin To Net: NetName=PS0 Pin=U5-B47
Added Pin To Net: NetName=PS0 Pin=U5-B48
Added Pin To Net: NetName=PS0 Pin=U5-B51
Added Pin To Net: NetName=PS0 Pin=U5-B52
Added Pin To Net: NetName=PS0 Pin=U5-B55
Added Pin To Net: NetName=PS0 Pin=U5-B56
Added Pin To Net: NetName=PS0 Pin=U5-B59
Added Pin To Net: NetName=5V Pin=U5-B60
Added Pin To Net: NetName=PS0 Pin=U5-B103
Added Pin To Net: NetName=PS0 Pin=U5-B104
Added Pin To Net: NetName=PS0 Pin=U5-B107
Added Pin To Net: NetName=PS0 Pin=U5-B108
Added Pin To Net: NetName=PS0 Pin=U5-B111
Added Pin To Net: NetName=PS0 Pin=U5-B114
Added Pin To Net: NetName=PS0 Pin=U5-B117
Added Pin To Net: NetName=PS0 Pin=U5-B120
Added Pin To Net: NetName=PS0 Pin=U5-B123
Added Pin To Net: NetName=PS0 Pin=U5-B126
Added Pin To Net: NetName=PS0 Pin=U5-B129
Added Pin To Net: NetName=PS0 Pin=U5-B132
Added Pin To Net: NetName=PS0 Pin=U5-B135
Added Pin To Net: NetName=PS0 Pin=U5-B138
Added Pin To Net: NetName=PS0 Pin=U5-B141
Added Pin To Net: NetName=1V8 Pin=U5-B142
Added Pin To Net: NetName=PS0 Pin=U5-B143
Added Pin To Net: NetName=PS0 Pin=U5-B147
Added Pin To Net: NetName=PS0 Pin=U5-B151
Added Pin To Net: NetName=PS0 Pin=U5-B155
Added Pin To Net: NetName=1V8 Pin=U5-B159
Added Pin To Net: NetName=1V8 Pin=U5-B160
Added Pin To Net: NetName=PS0 Pin=U5-C01
Added Pin To Net: NetName=PS0 Pin=U5-C02
Added Pin To Net: NetName=DATAP0 Pin=U5-C03
Added Pin To Net: NetName=DATAN0 Pin=U5-C04
Added Pin To Net: NetName=PS0 Pin=U5-C05
Added Pin To Net: NetName=DATAP3 Pin=U5-C06
Added Pin To Net: NetName=DATAN3 Pin=U5-C07
Added Pin To Net: NetName=PS0 Pin=U5-C08
Added Pin To Net: NetName=DATAP8 Pin=U5-C09
Added Pin To Net: NetName=DATAN8 Pin=U5-C10
Added Pin To Net: NetName=PS0 Pin=U5-C11
Added Pin To Net: NetName=DATAP10 Pin=U5-C12
Added Pin To Net: NetName=DATAN10 Pin=U5-C13
Added Pin To Net: NetName=PS0 Pin=U5-C14
Added Pin To Net: NetName=PS0 Pin=U5-C17
Added Pin To Net: NetName=RF_EN1 Pin=U5-C18
Added Pin To Net: NetName=LD1 Pin=U5-C19
Added Pin To Net: NetName=MUX_OUT2 Pin=U5-C20
Added Pin To Net: NetName=PS0 Pin=U5-C21
Added Pin To Net: NetName=SCLK_PLL2 Pin=U5-C22
Added Pin To Net: NetName=DATA_PLL2 Pin=U5-C23
Added Pin To Net: NetName=LE_PLL2 Pin=U5-C24
Added Pin To Net: NetName=PS0 Pin=U5-C25
Added Pin To Net: NetName=PS0 Pin=U5-C29
Added Pin To Net: NetName=PS0 Pin=U5-C33
Added Pin To Net: NetName=PS0 Pin=U5-C37
Added Pin To Net: NetName=PS0 Pin=U5-C41
Added Pin To Net: NetName=PS0 Pin=U5-C46
Added Pin To Net: NetName=PS0 Pin=U5-C49
Added Pin To Net: NetName=PS0 Pin=U5-C50
Added Pin To Net: NetName=PS0 Pin=U5-C53
Added Pin To Net: NetName=PS0 Pin=U5-C54
Added Pin To Net: NetName=PS0 Pin=U5-C57
Added Pin To Net: NetName=PS0 Pin=U5-C58
Added Pin To Net: NetName=5V Pin=U5-C59
Added Pin To Net: NetName=5V Pin=U5-C60
Added Pin To Net: NetName=PS0 Pin=U5-C101
Added Pin To Net: NetName=PS0 Pin=U5-C102
Added Pin To Net: NetName=PS0 Pin=U5-C105
Added Pin To Net: NetName=PS0 Pin=U5-C106
Added Pin To Net: NetName=PS0 Pin=U5-C109
Added Pin To Net: NetName=PS0 Pin=U5-C110
Added Pin To Net: NetName=PS0 Pin=U5-C113
Added Pin To Net: NetName=PS0 Pin=U5-C116
Added Pin To Net: NetName=PS0 Pin=U5-C119
Added Pin To Net: NetName=PS0 Pin=U5-C122
Added Pin To Net: NetName=PS0 Pin=U5-C125
Added Pin To Net: NetName=PS0 Pin=U5-C128
Added Pin To Net: NetName=PS0 Pin=U5-C131
Added Pin To Net: NetName=PS0 Pin=U5-C134
Added Pin To Net: NetName=PS0 Pin=U5-C137
Added Pin To Net: NetName=PS0 Pin=U5-C140
Added Pin To Net: NetName=PS0 Pin=U5-C143
Added Pin To Net: NetName=1V8 Pin=U5-C144
Added Pin To Net: NetName=PS0 Pin=U5-C145
Added Pin To Net: NetName=PS0 Pin=U5-C149
Added Pin To Net: NetName=PS0 Pin=U5-C153
Added Pin To Net: NetName=PS0 Pin=U5-C157
Added Pin To Net: NetName=1V8 Pin=U5-D01
Added Pin To Net: NetName=1V8 Pin=U5-D02
Added Pin To Net: NetName=PS0 Pin=U5-D03
Added Pin To Net: NetName=DATAP2 Pin=U5-D04
Added Pin To Net: NetName=DATAN2 Pin=U5-D05
Added Pin To Net: NetName=PS0 Pin=U5-D06
Added Pin To Net: NetName=DATAP1 Pin=U5-D07
Added Pin To Net: NetName=DATAN1 Pin=U5-D08
Added Pin To Net: NetName=PS0 Pin=U5-D09
Added Pin To Net: NetName=DATAP9 Pin=U5-D10
Added Pin To Net: NetName=DATAN9 Pin=U5-D11
Added Pin To Net: NetName=PS0 Pin=U5-D12
Added Pin To Net: NetName=DATACLKP Pin=U5-D13
Added Pin To Net: NetName=DATACLKN Pin=U5-D14
Added Pin To Net: NetName=PS0 Pin=U5-D15
Added Pin To Net: NetName=RF_EN2 Pin=U5-D16
Added Pin To Net: NetName=LD2 Pin=U5-D17
Added Pin To Net: NetName=PS0 Pin=U5-D19
Added Pin To Net: NetName=PS0 Pin=U5-D23
Added Pin To Net: NetName=PWRGD_FPD Pin=U5-D24
Added Pin To Net: NetName=PWRGD_LPD Pin=U5-D25
Added Pin To Net: NetName=PWRGD_PL Pin=U5-D26
Added Pin To Net: NetName=PS0 Pin=U5-D27
Added Pin To Net: NetName=PS0 Pin=U5-D31
Added Pin To Net: NetName=PS0 Pin=U5-D35
Added Pin To Net: NetName=PS0 Pin=U5-D39
Added Pin To Net: NetName=PS0 Pin=U5-D43
Added Pin To Net: NetName=PS0 Pin=U5-D47
Added Pin To Net: NetName=PS0 Pin=U5-D48
Added Pin To Net: NetName=PS0 Pin=U5-D51
Added Pin To Net: NetName=PS0 Pin=U5-D52
Added Pin To Net: NetName=PS0 Pin=U5-D55
Added Pin To Net: NetName=PS0 Pin=U5-D56
Added Pin To Net: NetName=PS0 Pin=U5-D59
Added Pin To Net: NetName=5V Pin=U5-D60
Added Pin To Net: NetName=PS0 Pin=U5-D103
Added Pin To Net: NetName=PS0 Pin=U5-D104
Added Pin To Net: NetName=PS0 Pin=U5-D107
Added Pin To Net: NetName=PS0 Pin=U5-D108
Added Pin To Net: NetName=PS0 Pin=U5-D111
Added Pin To Net: NetName=PS0 Pin=U5-D114
Added Pin To Net: NetName=SYNCP Pin=U5-D115
Added Pin To Net: NetName=SYNCN Pin=U5-D116
Added Pin To Net: NetName=PS0 Pin=U5-D117
Added Pin To Net: NetName=FPGA_REF2P Pin=U5-D118
Added Pin To Net: NetName=FPGA_REF2N Pin=U5-D119
Added Pin To Net: NetName=PS0 Pin=U5-D120
Added Pin To Net: NetName=PS0 Pin=U5-D123
Added Pin To Net: NetName=PS0 Pin=U5-D126
Added Pin To Net: NetName=PS0 Pin=U5-D129
Added Pin To Net: NetName=PS0 Pin=U5-D132
Added Pin To Net: NetName=PS0 Pin=U5-D135
Added Pin To Net: NetName=PS0 Pin=U5-D138
Added Pin To Net: NetName=PS0 Pin=U5-D141
Added Pin To Net: NetName=1V8 Pin=U5-D142
Added Pin To Net: NetName=PS0 Pin=U5-D143
Added Pin To Net: NetName=PS0 Pin=U5-D147
Added Pin To Net: NetName=PS0 Pin=U5-D151
Added Pin To Net: NetName=PS0 Pin=U5-D155
Added Pin To Net: NetName=3V3 Pin=U5-D159
Added Pin To Net: NetName=3V3 Pin=U5-D160
Added Pin To Net: NetName=PS0 Pin=U5-S1
Added Pin To Net: NetName=PS0 Pin=U5-S2
Added Pin To Net: NetName=PS0 Pin=U5-S3
Added Pin To Net: NetName=PS0 Pin=U5-S4
Added Member To Class: ClassName=SOM_AB Member=Component U5 SM-K26-XCL2GI
